0 info it worked if it ends with ok
1 verbose cli [ 'C:\\Program Files (x86)\\nodejs\\node.exe',
1 verbose cli   'C:\\Program Files (x86)\\nodejs\\node_modules\\npm\\bin\\npm-cli.js',
1 verbose cli   'info' ]
2 info using npm@3.8.6
3 info using node@v5.11.1
4 silly mapToRegistry name ionic2-login
5 silly mapToRegistry using default registry
6 silly mapToRegistry registry https://registry.npmjs.org/
7 silly mapToRegistry data Result {
7 silly mapToRegistry   raw: 'ionic2-login',
7 silly mapToRegistry   scope: null,
7 silly mapToRegistry   name: 'ionic2-login',
7 silly mapToRegistry   rawSpec: '',
7 silly mapToRegistry   spec: 'latest',
7 silly mapToRegistry   type: 'tag' }
8 silly mapToRegistry uri https://registry.npmjs.org/ionic2-login
9 verbose request uri https://registry.npmjs.org/ionic2-login
10 verbose request no auth needed
11 info attempt registry request try #1 at 13:21:43
12 verbose request id 71c79e14d1d7a820
13 http request GET https://registry.npmjs.org/ionic2-login
14 http 404 https://registry.npmjs.org/ionic2-login
15 verbose headers { 'content-type': 'application/json',
15 verbose headers   'cache-control': 'max-age=0',
15 verbose headers   'content-length': '2',
15 verbose headers   'accept-ranges': 'bytes',
15 verbose headers   date: 'Wed, 31 Aug 2016 11:21:45 GMT',
15 verbose headers   via: '1.1 varnish',
15 verbose headers   age: '0',
15 verbose headers   connection: 'keep-alive',
15 verbose headers   'x-served-by': 'cache-fra1222-FRA',
15 verbose headers   'x-cache': 'MISS',
15 verbose headers   'x-cache-hits': '0',
15 verbose headers   'x-timer': 'S1472642505.516989,VS0,VE189',
15 verbose headers   vary: 'Accept-Encoding' }
16 silly get cb [ 404,
16 silly get   { 'content-type': 'application/json',
16 silly get     'cache-control': 'max-age=0',
16 silly get     'content-length': '2',
16 silly get     'accept-ranges': 'bytes',
16 silly get     date: 'Wed, 31 Aug 2016 11:21:45 GMT',
16 silly get     via: '1.1 varnish',
16 silly get     age: '0',
16 silly get     connection: 'keep-alive',
16 silly get     'x-served-by': 'cache-fra1222-FRA',
16 silly get     'x-cache': 'MISS',
16 silly get     'x-cache-hits': '0',
16 silly get     'x-timer': 'S1472642505.516989,VS0,VE189',
16 silly get     vary: 'Accept-Encoding' } ]
17 verbose stack Error: Registry returned 404 for GET on https://registry.npmjs.org/ionic2-login
17 verbose stack     at makeError (C:\Program Files (x86)\nodejs\node_modules\npm\node_modules\npm-registry-client\lib\request.js:264:12)
17 verbose stack     at CachingRegistryClient.<anonymous> (C:\Program Files (x86)\nodejs\node_modules\npm\node_modules\npm-registry-client\lib\request.js:242:14)
17 verbose stack     at Request._callback (C:\Program Files (x86)\nodejs\node_modules\npm\node_modules\npm-registry-client\lib\request.js:172:14)
17 verbose stack     at Request.self.callback (C:\Program Files (x86)\nodejs\node_modules\npm\node_modules\request\request.js:199:22)
17 verbose stack     at emitTwo (events.js:100:13)
17 verbose stack     at Request.emit (events.js:185:7)
17 verbose stack     at Request.<anonymous> (C:\Program Files (x86)\nodejs\node_modules\npm\node_modules\request\request.js:1036:10)
17 verbose stack     at emitOne (events.js:95:20)
17 verbose stack     at Request.emit (events.js:182:7)
17 verbose stack     at IncomingMessage.<anonymous> (C:\Program Files (x86)\nodejs\node_modules\npm\node_modules\request\request.js:963:12)
18 verbose statusCode 404
19 verbose pkgid ionic2-login
20 verbose cwd c:\Users\alessia-raimondi\apodis4Repo\Ionic2\ionic2-login
21 error Windows_NT 10.0.10586
22 error argv "C:\\Program Files (x86)\\nodejs\\node.exe" "C:\\Program Files (x86)\\nodejs\\node_modules\\npm\\bin\\npm-cli.js" "info"
23 error node v5.11.1
24 error npm  v3.8.6
25 error code E404
26 error 404 Registry returned 404 for GET on https://registry.npmjs.org/ionic2-login
27 error 404
28 error 404 'ionic2-login' is not in the npm registry.
29 error 404 You should bug the author to publish it (or use the name yourself!)
30 error 404 Note that you can also install from a
31 error 404 tarball, folder, http url, or git url.
32 verbose exit [ 1, true ]
